# JRE version: Java(TM) SE Runtime Environment (8.0_66-b17) (build 1.8.0_66-b17)
# Java VM: Java HotSpot(TM) 64-Bit Server VM (25.66-b17 mixed mode linux-amd64 compressed oops)
Heap:
 PSYoungGen      total 229376K, used 19919K [0x0000000781f80000, 0x0000000794680000, 0x00000007c0000000)
  eden space 211456K, 5% used [0x0000000781f80000,0x00000007829de430,0x000000078ee00000)
  from space 17920K, 51% used [0x000000078ff80000,0x0000000790895800,0x0000000791100000)
  to   space 17920K, 0% used [0x000000078ee00000,0x000000078ee00000,0x000000078ff80000)
 ParOldGen       total 86016K, used 27576K [0x0000000705e00000, 0x000000070b200000, 0x0000000781f80000)
  object space 86016K, 32% used [0x0000000705e00000,0x00000007078ee198,0x000000070b200000)
 Metaspace       used 33261K, capacity 33950K, committed 34176K, reserved 1079296K
  class space    used 4053K, capacity 4223K, committed 4224K, reserved 1048576K
GC Heap History (10 events):
Event: 1.618 GC heap before
{Heap before GC invocations=3 (full 0):
 PSYoungGen      total 104960K, used 23360K [0x0000000781f80000, 0x0000000788d80000, 0x00000007c0000000)
  eden space 97280K, 16% used [0x0000000781f80000,0x0000000782ed0a60,0x0000000787e80000)
  from space 7680K, 99% used [0x0000000788600000,0x0000000788d7f700,0x0000000788d80000)
  to   space 7680K, 0% used [0x0000000787e80000,0x0000000787e80000,0x0000000788600000)
 ParOldGen       total 128512K, used 5461K [0x0000000705e00000, 0x000000070db80000, 0x0000000781f80000)
  object space 128512K, 4% used [0x0000000705e00000,0x0000000706355608,0x000000070db80000)
 Metaspace       used 20632K, capacity 21124K, committed 21296K, reserved 1069056K
  class space    used 2463K, capacity 2602K, committed 2688K, reserved 1048576K
Event: 1.630 GC heap after
Heap after GC invocations=3 (full 0):
 PSYoungGen      total 104960K, used 7677K [0x0000000781f80000, 0x000000078ec80000, 0x00000007c0000000)
  eden space 97280K, 0% used [0x0000000781f80000,0x0000000781f80000,0x0000000787e80000)
  from space 7680K, 99% used [0x0000000787e80000,0x00000007885ff720,0x0000000788600000)
  to   space 7680K, 0% used [0x000000078e500000,0x000000078e500000,0x000000078ec80000)
 ParOldGen       total 128512K, used 7458K [0x0000000705e00000, 0x000000070db80000, 0x0000000781f80000)
  object space 128512K, 5% used [0x0000000705e00000,0x0000000706548910,0x000000070db80000)
 Metaspace       used 20632K, capacity 21124K, committed 21296K, reserved 1069056K
  class space    used 2463K, capacity 2602K, committed 2688K, reserved 1048576K
}
Event: 1.630 GC heap before
{Heap before GC invocations=4 (full 1):
 PSYoungGen      total 104960K, used 7677K [0x0000000781f80000, 0x000000078ec80000, 0x00000007c0000000)
  eden space 97280K, 0% used [0x0000000781f80000,0x0000000781f80000,0x0000000787e80000)
  from space 7680K, 99% used [0x0000000787e80000,0x00000007885ff720,0x0000000788600000)
  to   space 7680K, 0% used [0x000000078e500000,0x000000078e500000,0x000000078ec80000)
 ParOldGen       total 128512K, used 7458K [0x0000000705e00000, 0x000000070db80000, 0x0000000781f80000)
  object space 128512K, 5% used [0x0000000705e00000,0x0000000706548910,0x000000070db80000)
 Metaspace       used 20632K, capacity 21124K, committed 21296K, reserved 1069056K
  class space    used 2463K, capacity 2602K, committed 2688K, reserved 1048576K
Event: 1.666 GC heap after
Heap after GC invocations=4 (full 1):
 PSYoungGen      total 104960K, used 0K [0x0000000781f80000, 0x000000078ec80000, 0x00000007c0000000)
  eden space 97280K, 0% used [0x0000000781f80000,0x0000000781f80000,0x0000000787e80000)
  from space 7680K, 0% used [0x0000000787e80000,0x0000000787e80000,0x0000000788600000)
  to   space 7680K, 0% used [0x000000078e500000,0x000000078e500000,0x000000078ec80000)
 ParOldGen       total 86016K, used 11714K [0x0000000705e00000, 0x000000070b200000, 0x0000000781f80000)
  object space 86016K, 13% used [0x0000000705e00000,0x0000000706970998,0x000000070b200000)
 Metaspace       used 20632K, capacity 21124K, committed 21296K, reserved 1069056K
  class space    used 2463K, capacity 2602K, committed 2688K, reserved 1048576K
}
Event: 205.353 GC heap before
{Heap before GC invocations=5 (full 1):
 PSYoungGen      total 104960K, used 97280K [0x0000000781f80000, 0x000000078ec80000, 0x00000007c0000000)
  eden space 97280K, 100% used [0x0000000781f80000,0x0000000787e80000,0x0000000787e80000)
  from space 7680K, 0% used [0x0000000787e80000,0x0000000787e80000,0x0000000788600000)
  to   space 7680K, 0% used [0x000000078e500000,0x000000078e500000,0x000000078ec80000)
 ParOldGen       total 86016K, used 11714K [0x0000000705e00000, 0x000000070b200000, 0x0000000781f80000)
  object space 86016K, 13% used [0x0000000705e00000,0x0000000706970998,0x000000070b200000)
 Metaspace       used 31244K, capacity 31822K, committed 32000K, reserved 1077248K
  class space    used 3920K, capacity 4053K, committed 4096K, reserved 1048576K
Event: 205.372 GC heap after
Heap after GC invocations=5 (full 1):
 PSYoungGen      total 154624K, used 7666K [0x0000000781f80000, 0x000000078ec80000, 0x00000007c0000000)
  eden space 146944K, 0% used [0x0000000781f80000,0x0000000781f80000,0x000000078af00000)
  from space 7680K, 99% used [0x000000078e500000,0x000000078ec7ca18,0x000000078ec80000)
  to   space 7680K, 0% used [0x000000078dd80000,0x000000078dd80000,0x000000078e500000)
 ParOldGen       total 86016K, used 22952K [0x0000000705e00000, 0x000000070b200000, 0x0000000781f80000)
  object space 86016K, 26% used [0x0000000705e00000,0x000000070746a088,0x000000070b200000)
 Metaspace       used 31244K, capacity 31822K, committed 32000K, reserved 1077248K
  class space    used 3920K, capacity 4053K, committed 4096K, reserved 1048576K
}
Event: 1804.415 GC heap before
{Heap before GC invocations=6 (full 1):
 PSYoungGen      total 154624K, used 154610K [0x0000000781f80000, 0x000000078ec80000, 0x00000007c0000000)
  eden space 146944K, 100% used [0x0000000781f80000,0x000000078af00000,0x000000078af00000)
  from space 7680K, 99% used [0x000000078e500000,0x000000078ec7ca18,0x000000078ec80000)
  to   space 7680K, 0% used [0x000000078dd80000,0x000000078dd80000,0x000000078e500000)
 ParOldGen       total 86016K, used 22952K [0x0000000705e00000, 0x000000070b200000, 0x0000000781f80000)
  object space 86016K, 26% used [0x0000000705e00000,0x000000070746a088,0x000000070b200000)
 Metaspace       used 32233K, capacity 32826K, committed 33024K, reserved 1079296K
  class space    used 3964K, capacity 4087K, committed 4096K, reserved 1048576K
Event: 1804.427 GC heap after
Heap after GC invocations=6 (full 1):
 PSYoungGen      total 202240K, used 7673K [0x0000000781f80000, 0x0000000791100000, 0x00000007c0000000)
  eden space 194560K, 0% used [0x0000000781f80000,0x0000000781f80000,0x000000078dd80000)
  from space 7680K, 99% used [0x000000078dd80000,0x000000078e4fe510,0x000000078e500000)
  to   space 17920K, 0% used [0x000000078ff80000,0x000000078ff80000,0x0000000791100000)
 ParOldGen       total 86016K, used 27568K [0x0000000705e00000, 0x000000070b200000, 0x0000000781f80000)
  object space 86016K, 32% used [0x0000000705e00000,0x00000007078ec198,0x000000070b200000)
 Metaspace       used 32233K, capacity 32826K, committed 33024K, reserved 1079296K
  class space    used 3964K, capacity 4087K, committed 4096K, reserved 1048576K
}
Event: 3205.542 GC heap before
{Heap before GC invocations=7 (full 1):
 PSYoungGen      total 202240K, used 202233K [0x0000000781f80000, 0x0000000791100000, 0x00000007c0000000)
  eden space 194560K, 100% used [0x0000000781f80000,0x000000078dd80000,0x000000078dd80000)
  from space 7680K, 99% used [0x000000078dd80000,0x000000078e4fe510,0x000000078e500000)
  to   space 17920K, 0% used [0x000000078ff80000,0x000000078ff80000,0x0000000791100000)
 ParOldGen       total 86016K, used 27568K [0x0000000705e00000, 0x000000070b200000, 0x0000000781f80000)
  object space 86016K, 32% used [0x0000000705e00000,0x00000007078ec198,0x000000070b200000)
 Metaspace       used 33244K, capacity 33950K, committed 34176K, reserved 1079296K
  class space    used 4052K, capacity 4223K, committed 4224K, reserved 1048576K
Event: 3205.559 GC heap after
Heap after GC invocations=7 (full 1):
 PSYoungGen      total 229376K, used 9302K [0x0000000781f80000, 0x0000000794680000, 0x00000007c0000000)
  eden space 211456K, 0% used [0x0000000781f80000,0x0000000781f80000,0x000000078ee00000)
  from space 17920K, 51% used [0x000000078ff80000,0x0000000790895800,0x0000000791100000)
  to   space 17920K, 0% used [0x000000078ee00000,0x000000078ee00000,0x000000078ff80000)
 ParOldGen       total 86016K, used 27576K [0x0000000705e00000, 0x000000070b200000, 0x0000000781f80000)
  object space 86016K, 32% used [0x0000000705e00000,0x00000007078ee198,0x000000070b200000)
 Metaspace       used 33244K, capacity 33950K, committed 34176K, reserved 1079296K
  class space    used 4052K, capacity 4223K, committed 4224K, reserved 1048576K
}

